TN:
SF:D:/TerryDevelop/OpenSource/v-region/src\components\CityPicker.js
FN:9,data
FN:41,selectedText
FN:43,(anonymous_4)
FN:46,query
FN:56,(anonymous_6)
FN:57,(anonymous_7)
FN:68,handler
FN:74,(anonymous_9)
FN:78,(anonymous_10)
FN:106,input
FN:114,(anonymous_13)
FN:122,(anonymous_14)
FN:129,click
FN:150,prepared
FN:168,(anonymous_17)
FN:173,(anonymous_18)
FN:174,(anonymous_19)
FN:183,(anonymous_21)
FN:188,(anonymous_23)
FN:200,(anonymous_25)
FN:213,(anonymous_28)
FN:222,(anonymous_30)
FNF:22
FNH:20
FNDA:12,data
FNDA:4,selectedText
FNDA:5,(anonymous_4)
FNDA:2,query
FNDA:30,(anonymous_6)
FNDA:391,(anonymous_7)
FNDA:1,handler
FNDA:34,(anonymous_9)
FNDA:385,(anonymous_10)
FNDA:2,input
FNDA:188,(anonymous_13)
FNDA:2354,(anonymous_14)
FNDA:2,click
FNDA:2367,prepared
FNDA:34,(anonymous_17)
FNDA:28,(anonymous_18)
FNDA:10780,(anonymous_19)
FNDA:2,(anonymous_21)
FNDA:3,(anonymous_23)
FNDA:0,(anonymous_25)
FNDA:0,(anonymous_28)
FNDA:3130,(anonymous_30)
DA:1,1
DA:2,1
DA:4,1
DA:5,1
DA:6,1
DA:7,1
DA:22,1
DA:43,5
DA:53,2
DA:54,2
DA:55,1
DA:56,1
DA:57,391
DA:58,30
DA:60,1
DA:62,1
DA:70,1
DA:71,1
DA:73,1
DA:74,34
DA:76,1
DA:78,385
DA:80,0
DA:82,1
DA:88,10
DA:89,10
DA:91,10
DA:94,10
DA:107,2
DA:114,10
DA:115,188
DA:123,2354
DA:130,2
DA:140,10
DA:153,1
DA:154,1
DA:156,1
DA:157,1
DA:158,1
DA:159,1
DA:163,1
DA:168,1
DA:169,34
DA:170,30
DA:171,28
DA:173,1
DA:174,28
DA:175,10780
DA:176,10780
DA:179,1
DA:182,2
DA:183,2
DA:184,2
DA:187,4
DA:188,4
DA:189,4
DA:198,1
DA:199,0
DA:200,0
DA:201,0
DA:203,0
DA:204,1
DA:207,1
DA:208,1
DA:209,1
DA:212,2
DA:213,0
DA:215,2
DA:217,2
DA:218,2
DA:221,2356
DA:222,3130
DA:226,1
DA:227,1
LF:74
LH:68
BRDA:54,0,0,1
BRDA:54,0,1,1
BRDA:58,1,0,2
BRDA:58,1,1,28
BRDA:70,2,0,1
BRDA:70,2,1,0
BRDA:71,3,0,0
BRDA:71,3,1,1
BRDA:73,4,0,1
BRDA:73,4,1,0
BRDA:169,5,0,4
BRDA:169,5,1,30
BRDA:170,6,0,2
BRDA:170,6,1,28
BRDA:176,7,0,10780
BRDA:176,7,1,5379
BRDA:187,8,0,1
BRDA:187,8,1,3
BRDA:187,9,0,4
BRDA:187,9,1,1
BRDA:188,10,0,3
BRDA:188,10,1,1
BRDA:198,11,0,0
BRDA:198,11,1,1
BRDA:199,12,0,0
BRDA:199,12,1,0
BRDA:201,13,0,0
BRDA:201,13,1,0
BRDA:212,14,0,0
BRDA:212,14,1,2
BRDA:221,15,0,787
BRDA:221,15,1,1569
BRDA:221,16,0,2356
BRDA:221,16,1,2356
BRF:34
BRH:25
end_of_record
TN:
SF:D:/TerryDevelop/OpenSource/v-region/src\components\ColumnGroup.js
FN:12,render
FN:31,callback
FN:41,callback
FN:52,callback
FN:63,callback
FN:81,build
FN:90,input
FNF:7
FNH:7
FNDA:31,render
FNDA:1,callback
FNDA:1,callback
FNDA:1,callback
FNDA:1,callback
FNDA:90,build
FNDA:4,input
DA:1,1
DA:2,1
DA:4,1
DA:5,1
DA:6,1
DA:7,1
DA:8,1
DA:10,1
DA:20,31
DA:21,31
DA:23,31
DA:25,31
DA:27,31
DA:32,1
DA:36,31
DA:37,22
DA:42,1
DA:47,31
DA:48,18
DA:53,1
DA:58,31
DA:59,14
DA:64,1
DA:69,31
DA:71,31
DA:82,85
DA:83,85
DA:91,4
DA:92,4
DA:93,4
DA:94,4
DA:100,4
DA:103,1
DA:104,1
DA:105,1
LF:35
LH:35
BRDA:36,0,0,22
BRDA:36,0,1,9
BRDA:47,1,0,18
BRDA:47,1,1,13
BRDA:58,2,0,14
BRDA:58,2,1,17
BRDA:94,3,0,1
BRDA:94,3,1,3
BRF:8
BRH:8
end_of_record
TN:
SF:D:/TerryDevelop/OpenSource/v-region/src\components\Group.js
FN:11,data
FN:29,query
FN:38,(anonymous_4)
FN:39,(anonymous_5)
FN:69,buildHeader
FN:123,input
FN:132,(anonymous_12)
FN:145,click
FN:160,(anonymous_15)
FN:168,mouseup
FNF:10
FNH:5
FNDA:12,data
FNDA:1,query
FNDA:0,(anonymous_4)
FNDA:0,(anonymous_5)
FNDA:389,buildHeader
FNDA:0,input
FNDA:40,(anonymous_12)
FNDA:0,click
FNDA:306,(anonymous_15)
FNDA:0,mouseup
DA:1,1
DA:2,1
DA:4,1
DA:5,1
DA:6,1
DA:7,1
DA:8,1
DA:9,1
DA:23,1
DA:36,0
DA:37,0
DA:38,0
DA:39,0
DA:40,0
DA:46,1
DA:47,1
DA:51,10
DA:53,10
DA:54,10
DA:55,10
DA:56,10
DA:57,10
DA:59,10
DA:71,10
DA:73,10
DA:81,10
DA:94,10
DA:107,10
DA:109,10
DA:110,10
DA:111,10
DA:124,0
DA:130,10
DA:131,10
DA:132,10
DA:133,40
DA:134,40
DA:146,0
DA:153,10
DA:157,10
DA:158,10
DA:159,10
DA:160,9
DA:161,306
DA:169,0
DA:175,1
DA:179,10
DA:185,40
DA:186,10
DA:187,10
DA:188,10
DA:189,10
DA:194,1
DA:195,1
DA:196,0
DA:197,0
DA:198,0
DA:202,306
DA:203,306
DA:204,306
DA:205,306
DA:206,306
DA:207,0
DA:208,0
DA:209,0
DA:213,0
DA:214,0
DA:217,0
DA:218,0
DA:219,0
DA:220,0
DA:222,0
DA:223,0
DA:225,0
DA:229,2
DA:230,2
DA:231,2
DA:235,1
LF:78
LH:55
BRDA:39,0,0,0
BRDA:39,0,1,0
BRDA:78,1,0,10
BRDA:78,1,1,5
BRDA:110,2,0,0
BRDA:110,2,1,10
BRDA:133,3,0,40
BRDA:133,3,1,0
BRDA:159,4,0,9
BRDA:159,4,1,1
BRDA:186,5,0,10
BRDA:186,5,1,10
BRDA:186,5,2,10
BRDA:186,5,3,10
BRDA:188,6,0,10
BRDA:188,6,1,10
BRDA:189,7,0,10
BRDA:189,7,1,10
BRDA:189,7,2,10
BRDA:195,8,0,1
BRDA:195,8,1,0
BRDA:195,8,2,0
BRDA:195,8,3,0
BRDA:202,9,0,0
BRDA:202,9,1,306
BRDA:202,10,0,306
BRDA:202,10,1,306
BRDA:206,11,0,306
BRDA:206,11,1,0
BRDA:206,11,2,0
BRDA:206,11,3,0
BRDA:206,12,0,306
BRDA:206,12,1,68
BRDA:207,13,0,0
BRDA:207,13,1,0
BRDA:208,14,0,0
BRDA:208,14,1,0
BRDA:209,15,0,0
BRDA:209,15,1,0
BRDA:213,16,0,0
BRDA:213,16,1,0
BRDA:222,17,0,0
BRDA:222,17,1,0
BRDA:222,18,0,0
BRDA:222,18,1,0
BRF:45
BRH:22
end_of_record
TN:
SF:D:/TerryDevelop/OpenSource/v-region/src\components\SelectGroup.js
FN:7,provide
FN:37,callback
FN:46,callback
FN:55,callback
FN:64,callback
FN:72,build
FN:83,input
FNF:7
FNH:7
FNDA:35,provide
FNDA:2,callback
FNDA:1,callback
FNDA:1,callback
FNDA:1,callback
FNDA:118,build
FNDA:5,input
DA:1,1
DA:3,1
DA:4,1
DA:5,1
DA:25,4
DA:30,31
DA:31,31
DA:32,31
DA:34,31
DA:38,2
DA:42,31
DA:43,31
DA:47,1
DA:51,31
DA:52,29
DA:56,1
DA:60,31
DA:61,27
DA:65,1
DA:70,31
DA:73,118
DA:74,118
DA:84,5
DA:85,5
LF:24
LH:24
BRDA:42,0,0,31
BRDA:42,0,1,0
BRDA:51,1,0,29
BRDA:51,1,1,2
BRDA:51,2,0,31
BRDA:51,2,1,31
BRDA:60,3,0,27
BRDA:60,3,1,4
BRDA:60,4,0,31
BRDA:60,4,1,31
BRDA:60,4,2,29
BRF:11
BRH:10
end_of_record
TN:
SF:D:/TerryDevelop/OpenSource/v-region/src\components\Text.js
FN:7,render
FNF:1
FNH:1
FNDA:4,render
DA:1,1
DA:2,1
DA:12,4
LF:3
LH:3
BRF:0
BRH:0
end_of_record
